Using pre-set license
Built from '2020.3/release' branch; Version is '2020.3.12f1 (b3b2c6512326) revision 11776710'; Using compiler version '192528614'; Build Type 'Release'
OS: 'Windows 10 Home Single Language; OS build 19042.1052; Version 2009; 64bit' Language: 'en' Physical Memory: 6058 MB
BatchMode: 1, IsHumanControllingUs: 0, StartBugReporterOnCrash: 0, Is64bit: 1, IsPro: 0

 COMMAND LINE ARGUMENTS:
C:\Program Files\Unity\2020.3.12f1\Editor\Unity.exe
-adb2
-batchMode
-noUpm
-name
AssetImportWorker1
-projectPath
C:/Users/Rica Manansala/Desktop/__OUTPUTS__/UNITY_PROJECTS/Gamejams/MFGJ - Summer 2021 (1) Container/MFGM - Summer 2021 (1)
-logFile
Logs/AssetImportWorker1.log
-srvPort
63258
Successfully changed project path to: C:/Users/Rica Manansala/Desktop/__OUTPUTS__/UNITY_PROJECTS/Gamejams/MFGJ - Summer 2021 (1) Container/MFGM - Summer 2021 (1)
C:/Users/Rica Manansala/Desktop/__OUTPUTS__/UNITY_PROJECTS/Gamejams/MFGJ - Summer 2021 (1) Container/MFGM - Summer 2021 (1)
Using Asset Import Pipeline V2.
Refreshing native plugins compatible for Editor in 94.76 ms, found 3 plugins.
Preloading 0 native plugins for Editor in 0.00 ms.
Initialize engine version: 2020.3.12f1 (b3b2c6512326)
[Subsystems] Discovering subsystems at path C:/Program Files/Unity/2020.3.12f1/Editor/Data/Resources/UnitySubsystems
[Subsystems] Discovering subsystems at path C:/Users/Rica Manansala/Desktop/__OUTPUTS__/UNITY_PROJECTS/Gamejams/MFGJ - Summer 2021 (1) Container/MFGM - Summer 2021 (1)/Assets
GfxDevice: creating device client; threaded=0
Direct3D:
    Version:  Direct3D 11.0 [level 11.1]
    Renderer: AMD Radeon(TM) Vega 8 Graphics (ID=0x15d8)
    Vendor:   
    VRAM:     3029 MB
    Driver:   26.20.14048.5000
Initialize mono
Mono path[0] = 'C:/Program Files/Unity/2020.3.12f1/Editor/Data/Managed'
Mono path[1] = 'C:/Program Files/Unity/2020.3.12f1/Editor/Data/MonoBleedingEdge/lib/mono/unityjit'
Mono config path = 'C:/Program Files/Unity/2020.3.12f1/Editor/Data/MonoBleedingEdge/etc'
Using monoOptions --debugger-agent=transport=dt_socket,embedding=1,server=y,suspend=n,address=127.0.0.1:56176
Begin MonoManager ReloadAssembly
Registering precompiled unity dll's ...
Register platform support module: C:/Program Files/Unity/2020.3.12f1/Editor/Data/PlaybackEngines/WindowsStandaloneSupport/UnityEditor.WindowsStandalone.Extensions.dll
Registered in 0.004721 seconds.
Native extension for WindowsStandalone target not found
Refreshing native plugins compatible for Editor in 93.56 ms, found 3 plugins.
Preloading 0 native plugins for Editor in 0.00 ms.
Mono: successfully reloaded assembly
- Completed reload, in  5.100 seconds
Platform modules already initialized, skipping
Registering precompiled user dll's ...
Registered in 0.010960 seconds.
Begin MonoManager ReloadAssembly
Native extension for WindowsStandalone target not found
Refreshing native plugins compatible for Editor in 79.17 ms, found 3 plugins.
Preloading 0 native plugins for Editor in 0.00 ms.
Mono: successfully reloaded assembly
- Completed reload, in  2.584 seconds
Platform modules already initialized, skipping
========================================================================
Worker process is ready to serve import requests
Launched and connected shader compiler UnityShaderCompiler.exe after 0.11 seconds
Refreshing native plugins compatible for Editor in 1.32 ms, found 3 plugins.
Preloading 0 native plugins for Editor in 0.00 ms.
Unloading 2080 Unused Serialized files (Serialized files now loaded: 0)
System memory in use before: 93.7 MB.
System memory in use after: 93.7 MB.

Unloading 33 unused Assets to reduce memory usage. Loaded Objects now: 2513.
Total: 5.628000 ms (FindLiveObjects: 0.583100 ms CreateObjectMapping: 0.161100 ms MarkObjects: 4.554500 ms  DeleteObjects: 0.325600 ms)

AssetImportParameters requested are different than current active one (requested -> active):
  custom:framework-win-MediaFoundation: 216162199b28c13a410421893ffa2e32 -> 
  custom:video-decoder-ogg-theora: a1e56fd34408186e4bbccfd4996cb3dc -> 
  custom:container-muxer-webm: aa71ff27fc2769a1b78a27578f13a17b -> 
  custom:container-demuxer-webm: 4f35f7cbe854078d1ac9338744f61a02 -> 
  custom:container-demuxer-ogg: 62fdf1f143b41e24485cea50d1cbac27 -> 
  custom:video-encoder-webm-vp8: eb34c28f22e8b96e1ab97ce403110664 -> 
  custom:video-decoder-webm-vp8: 9c59270c3fd7afecdb556c50c9e8de78 -> 
  custom:audio-decoder-ogg-vorbis: bf7c407c2cedff20999df2af8eb42d56 -> 
  custom:audio-encoder-webm-vorbis: bf7c407c2cedff20999df2af8eb42d56 -> 
========================================================================
Received Import Request.
  path: Assets/Sprites
  artifactKey: Guid(89d4034467fa14144891a79e2d8ade67) Importer(815301076,1909f56bfc062723c751e8b465ee728b)
Start importing Assets/Sprites using Guid(89d4034467fa14144891a79e2d8ade67) Importer(815301076,1909f56bfc062723c751e8b465ee728b)  -> (artifact id: 'e9ff529204f206e7d122b6fa00de35af') in 0.036120 seconds 
  Import took 0.043270 seconds .

========================================================================
Received Import Request.
  Time since last request: 124.994051 seconds.
  path: Assets/Sprites/Characters.png
  artifactKey: Guid(ea0789a10ca32c743b284486e6959800) Importer(815301076,1909f56bfc062723c751e8b465ee728b)
Start importing Assets/Sprites/Characters.png using Guid(ea0789a10ca32c743b284486e6959800) Importer(815301076,1909f56bfc062723c751e8b465ee728b)  -> (artifact id: '6f48469529954fe0f62480381e41490f') in 0.374921 seconds 
  Import took 0.385297 seconds .

========================================================================
Received Import Request.
  Time since last request: 0.000606 seconds.
  path: Assets/Sprites/Map.png
  artifactKey: Guid(5b0bd475372c6a94380c2a6b34adccb4) Importer(815301076,1909f56bfc062723c751e8b465ee728b)
Start importing Assets/Sprites/Map.png using Guid(5b0bd475372c6a94380c2a6b34adccb4) Importer(815301076,1909f56bfc062723c751e8b465ee728b)  -> (artifact id: '1a4504ce731cc551b9bb87c2d599b034') in 0.174133 seconds 
  Import took 0.182832 seconds .

========================================================================
Received Import Request.
  Time since last request: 25.602829 seconds.
  path: Assets/Sprites/Characters.png
  artifactKey: Guid(ea0789a10ca32c743b284486e6959800) Importer(815301076,1909f56bfc062723c751e8b465ee728b)
Start importing Assets/Sprites/Characters.png using Guid(ea0789a10ca32c743b284486e6959800) Importer(815301076,1909f56bfc062723c751e8b465ee728b)  -> (artifact id: '49592fd75996934848a0b6b11977ceb1') in 0.040159 seconds 
  Import took 0.060275 seconds .

========================================================================
Received Import Request.
  Time since last request: 11.715163 seconds.
  path: Assets/Sprites/Map.png
  artifactKey: Guid(5b0bd475372c6a94380c2a6b34adccb4) Importer(815301076,1909f56bfc062723c751e8b465ee728b)
Start importing Assets/Sprites/Map.png using Guid(5b0bd475372c6a94380c2a6b34adccb4) Importer(815301076,1909f56bfc062723c751e8b465ee728b)  -> (artifact id: '6f9c423beb7e97c68b62bb9d647ed831') in 0.044996 seconds 
  Import took 0.052971 seconds .

========================================================================
Received Import Request.
  Time since last request: 3.280255 seconds.
  path: Assets/Sprites/Characters.png
  artifactKey: Guid(ea0789a10ca32c743b284486e6959800) Importer(815301076,1909f56bfc062723c751e8b465ee728b)
Start importing Assets/Sprites/Characters.png using Guid(ea0789a10ca32c743b284486e6959800) Importer(815301076,1909f56bfc062723c751e8b465ee728b)  -> (artifact id: 'f303d6c6577b0de7d0024c925b9e24b7') in 0.045342 seconds 
  Import took 0.078267 seconds .

========================================================================
Received Import Request.
  Time since last request: 61.120231 seconds.
  path: Assets/Sprites/Characters.png
  artifactKey: Guid(ea0789a10ca32c743b284486e6959800) Importer(815301076,1909f56bfc062723c751e8b465ee728b)
Start importing Assets/Sprites/Characters.png using Guid(ea0789a10ca32c743b284486e6959800) Importer(815301076,1909f56bfc062723c751e8b465ee728b)  -> (artifact id: 'a3aaaecf8e443ded87b5fed9483bbf5e') in 0.297424 seconds 
  Import took 0.313662 seconds .

========================================================================
Received Import Request.
  Time since last request: 158.570948 seconds.
  path: Assets/Sprites/spritesheet_tiles.png
  artifactKey: Guid(f9d5df3bd90eab3409288f4b68708042) Importer(815301076,1909f56bfc062723c751e8b465ee728b)
Start importing Assets/Sprites/spritesheet_tiles.png using Guid(f9d5df3bd90eab3409288f4b68708042) Importer(815301076,1909f56bfc062723c751e8b465ee728b)  -> (artifact id: 'd176f74fa33c0667d4b46d62078a79bf') in 0.088347 seconds 
  Import took 0.104457 seconds .

========================================================================
Received Import Request.
  Time since last request: 15.005341 seconds.
  path: Assets/Sprites/spritesheet_tiles.png
  artifactKey: Guid(f9d5df3bd90eab3409288f4b68708042) Importer(815301076,1909f56bfc062723c751e8b465ee728b)
Start importing Assets/Sprites/spritesheet_tiles.png using Guid(f9d5df3bd90eab3409288f4b68708042) Importer(815301076,1909f56bfc062723c751e8b465ee728b)  -> (artifact id: '8ec004a1e9678a72bc72a76cc6890808') in 0.055824 seconds 
  Import took 0.065017 seconds .

========================================================================
Received Import Request.
  Time since last request: 151.365275 seconds.
  path: Assets
  artifactKey: Guid(00000000000000001000000000000000) Importer(815301076,1909f56bfc062723c751e8b465ee728b)
Start importing Assets using Guid(00000000000000001000000000000000) Importer(815301076,1909f56bfc062723c751e8b465ee728b)  -> (artifact id: '42d402b061de3733987d63b9cc3b64de') in 0.036522 seconds 
  Import took 0.047549 seconds .

========================================================================
Received Import Request.
  Time since last request: 4.421335 seconds.
  path: Assets/Scritps
  artifactKey: Guid(d19cf657dc7cf8c4f85e81d03cca6dba) Importer(815301076,1909f56bfc062723c751e8b465ee728b)
Start importing Assets/Scritps using Guid(d19cf657dc7cf8c4f85e81d03cca6dba) Importer(815301076,1909f56bfc062723c751e8b465ee728b)  -> (artifact id: '033d91e642f6ecabe0de95fd068f23de') in 0.036780 seconds 
  Import took 0.061432 seconds .

========================================================================
Received Import Request.
  Time since last request: 11.375152 seconds.
  path: Assets/Scritps/SpriteCutter.cs
  artifactKey: Guid(6328cfc0d85ead043b763d000d1881a1) Importer(815301076,1909f56bfc062723c751e8b465ee728b)
Start importing Assets/Scritps/SpriteCutter.cs using Guid(6328cfc0d85ead043b763d000d1881a1) Importer(815301076,1909f56bfc062723c751e8b465ee728b)  -> (artifact id: '85b0586c41c3ba83184334dc9b9dbd4f') in 0.066974 seconds 
  Import took 0.075226 seconds .

========================================================================
Received Import Request.
  Time since last request: 38.432573 seconds.
  path: Assets/Scritps/SpriteCutter.cs
  artifactKey: Guid(6328cfc0d85ead043b763d000d1881a1) Importer(815301076,1909f56bfc062723c751e8b465ee728b)
Start importing Assets/Scritps/SpriteCutter.cs using Guid(6328cfc0d85ead043b763d000d1881a1) Importer(815301076,1909f56bfc062723c751e8b465ee728b)  -> (artifact id: 'f3c3b2aa663c5b2fffe295bb2bf07b66') in 0.019493 seconds 
  Import took 0.044892 seconds .

========================================================================
Received Import Request.
  Time since last request: 0.006591 seconds.
  path: Assets/Scritps/SpriteCutter.cs
  artifactKey: Guid(6328cfc0d85ead043b763d000d1881a1) Importer(815301076,1909f56bfc062723c751e8b465ee728b)
Start importing Assets/Scritps/SpriteCutter.cs using Guid(6328cfc0d85ead043b763d000d1881a1) Importer(815301076,1909f56bfc062723c751e8b465ee728b)  -> (artifact id: 'f3c3b2aa663c5b2fffe295bb2bf07b66') in 0.019484 seconds 
  Import took 0.030024 seconds .

========================================================================
Received Prepare
Registering precompiled user dll's ...
Registered in 0.054620 seconds.
Begin MonoManager ReloadAssembly
Native extension for WindowsStandalone target not found
Refreshing native plugins compatible for Editor in 1.26 ms, found 3 plugins.
Preloading 0 native plugins for Editor in 0.00 ms.
Mono: successfully reloaded assembly
- Completed reload, in  3.634 seconds
Platform modules already initialized, skipping
Refreshing native plugins compatible for Editor in 1.81 ms, found 3 plugins.
Preloading 0 native plugins for Editor in 0.00 ms.
Unloading 2076 Unused Serialized files (Serialized files now loaded: 0)
System memory in use before: 96.7 MB.
System memory in use after: 96.7 MB.

Unloading 21 unused Assets to reduce memory usage. Loaded Objects now: 2554.
Total: 23.963000 ms (FindLiveObjects: 0.737700 ms CreateObjectMapping: 0.457400 ms MarkObjects: 22.393500 ms  DeleteObjects: 0.370500 ms)

AssetImportParameters requested are different than current active one (requested -> active):
  custom:framework-win-MediaFoundation: 216162199b28c13a410421893ffa2e32 -> 
  custom:video-decoder-ogg-theora: a1e56fd34408186e4bbccfd4996cb3dc -> 
  custom:container-muxer-webm: aa71ff27fc2769a1b78a27578f13a17b -> 
  custom:container-demuxer-webm: 4f35f7cbe854078d1ac9338744f61a02 -> 
  custom:container-demuxer-ogg: 62fdf1f143b41e24485cea50d1cbac27 -> 
  custom:video-encoder-webm-vp8: eb34c28f22e8b96e1ab97ce403110664 -> 
  custom:video-decoder-webm-vp8: 9c59270c3fd7afecdb556c50c9e8de78 -> 
  custom:audio-decoder-ogg-vorbis: bf7c407c2cedff20999df2af8eb42d56 -> 
  custom:audio-encoder-webm-vorbis: bf7c407c2cedff20999df2af8eb42d56 -> 
========================================================================
Received Prepare
Registering precompiled user dll's ...
Registered in 0.023542 seconds.
Begin MonoManager ReloadAssembly
Native extension for WindowsStandalone target not found
Refreshing native plugins compatible for Editor in 1.29 ms, found 3 plugins.
Preloading 0 native plugins for Editor in 0.00 ms.
Mono: successfully reloaded assembly
- Completed reload, in  2.466 seconds
Platform modules already initialized, skipping
Refreshing native plugins compatible for Editor in 1.01 ms, found 3 plugins.
Preloading 0 native plugins for Editor in 0.00 ms.
Unloading 2076 Unused Serialized files (Serialized files now loaded: 0)
System memory in use before: 96.7 MB.
System memory in use after: 96.7 MB.

Unloading 21 unused Assets to reduce memory usage. Loaded Objects now: 2558.
Total: 5.202700 ms (FindLiveObjects: 0.503400 ms CreateObjectMapping: 0.092600 ms MarkObjects: 4.317400 ms  DeleteObjects: 0.285800 ms)

AssetImportParameters requested are different than current active one (requested -> active):
  custom:framework-win-MediaFoundation: 216162199b28c13a410421893ffa2e32 -> 
  custom:video-decoder-ogg-theora: a1e56fd34408186e4bbccfd4996cb3dc -> 
  custom:container-muxer-webm: aa71ff27fc2769a1b78a27578f13a17b -> 
  custom:container-demuxer-webm: 4f35f7cbe854078d1ac9338744f61a02 -> 
  custom:container-demuxer-ogg: 62fdf1f143b41e24485cea50d1cbac27 -> 
  custom:video-encoder-webm-vp8: eb34c28f22e8b96e1ab97ce403110664 -> 
  custom:video-decoder-webm-vp8: 9c59270c3fd7afecdb556c50c9e8de78 -> 
  custom:audio-decoder-ogg-vorbis: bf7c407c2cedff20999df2af8eb42d56 -> 
  custom:audio-encoder-webm-vorbis: bf7c407c2cedff20999df2af8eb42d56 -> 
========================================================================
Received Import Request.
  Time since last request: 386.615408 seconds.
  path: Assets/Scritps/SpriteCutter.cs
  artifactKey: Guid(6328cfc0d85ead043b763d000d1881a1) Importer(815301076,1909f56bfc062723c751e8b465ee728b)
Start importing Assets/Scritps/SpriteCutter.cs using Guid(6328cfc0d85ead043b763d000d1881a1) Importer(815301076,1909f56bfc062723c751e8b465ee728b)  -> (artifact id: '3d1e5f5e806cc99b3a60b2914074c357') in 0.019836 seconds 
  Import took 0.027695 seconds .

========================================================================
Received Import Request.
  Time since last request: 97.310058 seconds.
  path: Assets/Sprites/spritesheet_characters.xml
  artifactKey: Guid(710d1035c4e33f646b73aef6e7e5c24d) Importer(815301076,1909f56bfc062723c751e8b465ee728b)
Start importing Assets/Sprites/spritesheet_characters.xml using Guid(710d1035c4e33f646b73aef6e7e5c24d) Importer(815301076,1909f56bfc062723c751e8b465ee728b)  -> (artifact id: '7c9e0c5c4bb6776748adf298a1c11c86') in 0.068774 seconds 
  Import took 0.079959 seconds .

========================================================================
Received Import Request.
  Time since last request: 22.281180 seconds.
  path: Assets/Sprites/SubTexture.xml
  artifactKey: Guid(710d1035c4e33f646b73aef6e7e5c24d) Importer(815301076,1909f56bfc062723c751e8b465ee728b)
Start importing Assets/Sprites/SubTexture.xml using Guid(710d1035c4e33f646b73aef6e7e5c24d) Importer(815301076,1909f56bfc062723c751e8b465ee728b)  -> (artifact id: 'b926a6d0bb51dbfa96775127eb5ad805') in 0.041836 seconds 
  Import took 0.049584 seconds .

========================================================================
Received Prepare
Registering precompiled user dll's ...
Registered in 0.025954 seconds.
Begin MonoManager ReloadAssembly
Native extension for WindowsStandalone target not found
Refreshing native plugins compatible for Editor in 1.01 ms, found 3 plugins.
Preloading 0 native plugins for Editor in 0.00 ms.
Mono: successfully reloaded assembly
- Completed reload, in  2.452 seconds
Platform modules already initialized, skipping
Refreshing native plugins compatible for Editor in 1.13 ms, found 3 plugins.
Preloading 0 native plugins for Editor in 0.00 ms.
Unloading 2076 Unused Serialized files (Serialized files now loaded: 0)
System memory in use before: 96.8 MB.
System memory in use after: 96.7 MB.

Unloading 21 unused Assets to reduce memory usage. Loaded Objects now: 2562.
Total: 6.824200 ms (FindLiveObjects: 0.640200 ms CreateObjectMapping: 0.179700 ms MarkObjects: 5.692500 ms  DeleteObjects: 0.308000 ms)

AssetImportParameters requested are different than current active one (requested -> active):
  custom:framework-win-MediaFoundation: 216162199b28c13a410421893ffa2e32 -> 
  custom:video-decoder-ogg-theora: a1e56fd34408186e4bbccfd4996cb3dc -> 
  custom:container-muxer-webm: aa71ff27fc2769a1b78a27578f13a17b -> 
  custom:container-demuxer-webm: 4f35f7cbe854078d1ac9338744f61a02 -> 
  custom:container-demuxer-ogg: 62fdf1f143b41e24485cea50d1cbac27 -> 
  custom:video-encoder-webm-vp8: eb34c28f22e8b96e1ab97ce403110664 -> 
  custom:video-decoder-webm-vp8: 9c59270c3fd7afecdb556c50c9e8de78 -> 
  custom:audio-decoder-ogg-vorbis: bf7c407c2cedff20999df2af8eb42d56 -> 
  custom:audio-encoder-webm-vorbis: bf7c407c2cedff20999df2af8eb42d56 -> 
========================================================================
Received Prepare
Registering precompiled user dll's ...
Registered in 0.013460 seconds.
Begin MonoManager ReloadAssembly
Native extension for WindowsStandalone target not found
Refreshing native plugins compatible for Editor in 1.37 ms, found 3 plugins.
Preloading 0 native plugins for Editor in 0.00 ms.
Mono: successfully reloaded assembly
- Completed reload, in  3.224 seconds
Platform modules already initialized, skipping
Refreshing native plugins compatible for Editor in 1.04 ms, found 3 plugins.
Preloading 0 native plugins for Editor in 0.00 ms.
Unloading 2076 Unused Serialized files (Serialized files now loaded: 0)
System memory in use before: 96.8 MB.
System memory in use after: 96.8 MB.

Unloading 21 unused Assets to reduce memory usage. Loaded Objects now: 2566.
Total: 6.870100 ms (FindLiveObjects: 0.650400 ms CreateObjectMapping: 0.249400 ms MarkObjects: 5.680700 ms  DeleteObjects: 0.285100 ms)

AssetImportParameters requested are different than current active one (requested -> active):
  custom:framework-win-MediaFoundation: 216162199b28c13a410421893ffa2e32 -> 
  custom:video-decoder-ogg-theora: a1e56fd34408186e4bbccfd4996cb3dc -> 
  custom:container-muxer-webm: aa71ff27fc2769a1b78a27578f13a17b -> 
  custom:container-demuxer-webm: 4f35f7cbe854078d1ac9338744f61a02 -> 
  custom:container-demuxer-ogg: 62fdf1f143b41e24485cea50d1cbac27 -> 
  custom:video-encoder-webm-vp8: eb34c28f22e8b96e1ab97ce403110664 -> 
  custom:video-decoder-webm-vp8: 9c59270c3fd7afecdb556c50c9e8de78 -> 
  custom:audio-decoder-ogg-vorbis: bf7c407c2cedff20999df2af8eb42d56 -> 
  custom:audio-encoder-webm-vorbis: bf7c407c2cedff20999df2af8eb42d56 -> 
========================================================================
Received Prepare
Registering precompiled user dll's ...
Registered in 0.018761 seconds.
Begin MonoManager ReloadAssembly
Native extension for WindowsStandalone target not found
Refreshing native plugins compatible for Editor in 1.82 ms, found 3 plugins.
Preloading 0 native plugins for Editor in 0.00 ms.
Mono: successfully reloaded assembly
- Completed reload, in  2.536 seconds
Platform modules already initialized, skipping
Refreshing native plugins compatible for Editor in 0.99 ms, found 3 plugins.
Preloading 0 native plugins for Editor in 0.00 ms.
Unloading 2076 Unused Serialized files (Serialized files now loaded: 0)
System memory in use before: 96.8 MB.
System memory in use after: 96.8 MB.

Unloading 21 unused Assets to reduce memory usage. Loaded Objects now: 2570.
Total: 5.467800 ms (FindLiveObjects: 0.489400 ms CreateObjectMapping: 0.091700 ms MarkObjects: 4.601800 ms  DeleteObjects: 0.281900 ms)

AssetImportParameters requested are different than current active one (requested -> active):
  custom:framework-win-MediaFoundation: 216162199b28c13a410421893ffa2e32 -> 
  custom:video-decoder-ogg-theora: a1e56fd34408186e4bbccfd4996cb3dc -> 
  custom:container-muxer-webm: aa71ff27fc2769a1b78a27578f13a17b -> 
  custom:container-demuxer-webm: 4f35f7cbe854078d1ac9338744f61a02 -> 
  custom:container-demuxer-ogg: 62fdf1f143b41e24485cea50d1cbac27 -> 
  custom:video-encoder-webm-vp8: eb34c28f22e8b96e1ab97ce403110664 -> 
  custom:video-decoder-webm-vp8: 9c59270c3fd7afecdb556c50c9e8de78 -> 
  custom:audio-decoder-ogg-vorbis: bf7c407c2cedff20999df2af8eb42d56 -> 
  custom:audio-encoder-webm-vorbis: bf7c407c2cedff20999df2af8eb42d56 -> 
========================================================================
Received Import Request.
  Time since last request: 285.962407 seconds.
  path: Assets/Sprites/SubTexture.xml
  artifactKey: Guid(710d1035c4e33f646b73aef6e7e5c24d) Importer(815301076,1909f56bfc062723c751e8b465ee728b)
Start importing Assets/Sprites/SubTexture.xml using Guid(710d1035c4e33f646b73aef6e7e5c24d) Importer(815301076,1909f56bfc062723c751e8b465ee728b)  -> (artifact id: 'c2d3ac5f4eaf4bc0cf1d4754be4cca9f') in 0.057111 seconds 
  Import took 0.068592 seconds .

========================================================================
Received Import Request.
  Time since last request: 8.534654 seconds.
  path: Assets/Sprites/Characters.png
  artifactKey: Guid(ea0789a10ca32c743b284486e6959800) Importer(815301076,1909f56bfc062723c751e8b465ee728b)
Start importing Assets/Sprites/Characters.png using Guid(ea0789a10ca32c743b284486e6959800) Importer(815301076,1909f56bfc062723c751e8b465ee728b)  -> (artifact id: '1ee2d7986b846f2d12b5de62a52e3bc1') in 0.377561 seconds 
  Import took 0.387876 seconds .

========================================================================
Received Import Request.
  Time since last request: 37.981671 seconds.
  path: Assets/Scritps/SpriteCutter.cs
  artifactKey: Guid(6328cfc0d85ead043b763d000d1881a1) Importer(815301076,1909f56bfc062723c751e8b465ee728b)
Start importing Assets/Scritps/SpriteCutter.cs using Guid(6328cfc0d85ead043b763d000d1881a1) Importer(815301076,1909f56bfc062723c751e8b465ee728b)  -> (artifact id: '45099368ac4f90712497001c522a0b21') in 0.019559 seconds 
  Import took 0.032465 seconds .

========================================================================
Received Prepare
Registering precompiled user dll's ...
Registered in 0.013289 seconds.
Begin MonoManager ReloadAssembly
Native extension for WindowsStandalone target not found
Refreshing native plugins compatible for Editor in 1.10 ms, found 3 plugins.
Preloading 0 native plugins for Editor in 0.00 ms.
Mono: successfully reloaded assembly
- Completed reload, in  4.216 seconds
Platform modules already initialized, skipping
Refreshing native plugins compatible for Editor in 1.59 ms, found 3 plugins.
Preloading 0 native plugins for Editor in 0.00 ms.
Unloading 2075 Unused Serialized files (Serialized files now loaded: 0)
System memory in use before: 96.8 MB.
System memory in use after: 96.8 MB.

Unloading 22 unused Assets to reduce memory usage. Loaded Objects now: 2574.
Total: 10.768300 ms (FindLiveObjects: 1.173300 ms CreateObjectMapping: 0.576900 ms MarkObjects: 8.600100 ms  DeleteObjects: 0.413800 ms)

AssetImportParameters requested are different than current active one (requested -> active):
  custom:framework-win-MediaFoundation: 216162199b28c13a410421893ffa2e32 -> 
  custom:video-decoder-ogg-theora: a1e56fd34408186e4bbccfd4996cb3dc -> 
  custom:container-muxer-webm: aa71ff27fc2769a1b78a27578f13a17b -> 
  custom:container-demuxer-webm: 4f35f7cbe854078d1ac9338744f61a02 -> 
  custom:container-demuxer-ogg: 62fdf1f143b41e24485cea50d1cbac27 -> 
  custom:video-encoder-webm-vp8: eb34c28f22e8b96e1ab97ce403110664 -> 
  custom:video-decoder-webm-vp8: 9c59270c3fd7afecdb556c50c9e8de78 -> 
  custom:audio-decoder-ogg-vorbis: bf7c407c2cedff20999df2af8eb42d56 -> 
  custom:audio-encoder-webm-vorbis: bf7c407c2cedff20999df2af8eb42d56 -> 
========================================================================
Received Import Request.
  Time since last request: 21.849958 seconds.
  path: Assets/Scripts
  artifactKey: Guid(d19cf657dc7cf8c4f85e81d03cca6dba) Importer(815301076,1909f56bfc062723c751e8b465ee728b)
Start importing Assets/Scripts using Guid(d19cf657dc7cf8c4f85e81d03cca6dba) Importer(815301076,1909f56bfc062723c751e8b465ee728b)  -> (artifact id: '17274ad4737513b47ebe5ef761274534') in 0.051656 seconds 
  Import took 0.063731 seconds .

